<?xml version="1.0" encoding="UTF-8"?>
<!-- Generated by org.testng.reporters.JUnitXMLReporter -->
<testsuite ignored="3" hostname="DESKTOP-93P7DR6" failures="2" tests="2" name="Test" time="5.713" errors="0" timestamp="2022-01-10T23:58:27 EST">
  <testcase classname="testcases.HomePageTest" name="gotoHomePage" time="5.19">
    <failure type="java.lang.AssertionError" message="expected:&amp;lt;CarDekho: New Cars, Car Prices, Buy &amp;amp; Sell Used Cars in India&amp;gt; but was:&amp;lt;CarDekho.com - Best place to buy New and Used Cars in India&amp;gt;">
      <![CDATA[java.lang.AssertionError: expected:<CarDekho: New Cars, Car Prices, Buy & Sell Used Cars in India> but was:<CarDekho.com - Best place to buy New and Used Cars in India>
at testcases.HomePageTest.gotoHomePage(HomePageTest.java:19)
at java.base/java.util.ArrayList.forEach(ArrayList.java:1511)
... Removed 29 stack frames]]>
    </failure>
  </testcase> <!-- gotoHomePage -->
  <testcase classname="testcases.HomePageTest" name="gotoHomePage" time="5.337">
    <failure type="java.lang.Error" message="Unresolved compilation problems: 
	MediaEntityBuilder cannot be resolved
	IOException cannot be resolved to a type
">
      <![CDATA[java.lang.Error: Unresolved compilation problems: 
MediaEntityBuilder cannot be resolved
IOException cannot be resolved to a type

at extentlisteners.ExtentListeners.onTestFailure(ExtentListeners.java:60)
at java.base/java.util.ArrayList.forEach(ArrayList.java:1511)
... Removed 24 stack frames]]>
    </failure>
  </testcase> <!-- gotoHomePage -->
  <testcase classname="base.BaseTest" name="@AfterTest tearDown" time="0.0">
    <ignored/>
  </testcase> <!-- @AfterTest tearDown -->
  <testcase classname="base.BaseTest" name="@AfterTest tearDown" time="0.0">
    <ignored/>
  </testcase> <!-- @AfterTest tearDown -->
  <testcase classname="base.BaseTest" name="@AfterTest tearDown" time="0.0">
    <ignored/>
  </testcase> <!-- @AfterTest tearDown -->
</testsuite> <!-- Test -->
