<?xml version="1.0" encoding="UTF-8"?>
<testng-results ignored="0" total="3" passed="3" failed="0" skipped="0">
  <reporter-output>
    <line>
      <![CDATA[Test Started gotoHomePage]]>
    </line>
    <line>
      <![CDATA[gotoHomePage]]>
    </line>
    <line>
      <![CDATA[Test Started gotoNwCarPage]]>
    </line>
    <line>
      <![CDATA[gotoNwCarPage]]>
    </line>
    <line>
      <![CDATA[Test Started gotoMarutiHomePage]]>
    </line>
    <line>
      <![CDATA[gotoMarutiHomePage]]>
    </line>
  </reporter-output>
  <suite started-at="2022-01-13T13:50:38 EST" name="Suite" finished-at="2022-01-13T13:50:59 EST" duration-ms="20969">
    <groups>
    </groups>
    <test started-at="2022-01-13T13:50:38 EST" name="Test Home Page" finished-at="2022-01-13T13:50:47 EST" duration-ms="9180">
      <class name="testcases.HomePageTest">
        <test-method signature="gotoHomePage()[pri:0, instance:testcases.HomePageTest@e260766]" started-at="2022-01-13T13:50:38 EST" name="gotoHomePage" finished-at="2022-01-13T13:50:47 EST" duration-ms="8696" status="PASS">
          <reporter-output>
            <line>
              <![CDATA[Test Started gotoHomePage]]>
            </line>
            <line>
              <![CDATA[gotoHomePage]]>
            </line>
          </reporter-output>
        </test-method> <!-- gotoHomePage -->
        <test-method is-config="true" signature="tearDown()[pri:0, instance:testcases.HomePageTest@e260766]" started-at="2022-01-13T13:50:47 EST" name="tearDown" finished-at="2022-01-13T13:50:47 EST" duration-ms="274" status="PASS">
          <reporter-output>
          </reporter-output>
        </test-method> <!-- tearDown -->
        <test-method is-config="true" signature="tearDown()[pri:0, instance:testcases.HomePageTest@e260766]" started-at="2022-01-13T13:50:47 EST" name="tearDown" finished-at="2022-01-13T13:50:47 EST" duration-ms="2" status="PASS">
          <reporter-output>
          </reporter-output>
        </test-method> <!-- tearDown -->
      </class> <!-- testcases.HomePageTest -->
    </test> <!-- Test Home Page -->
    <test started-at="2022-01-13T13:50:48 EST" name="Test New Car Page" finished-at="2022-01-13T13:50:52 EST" duration-ms="3852">
      <class name="testcases.NewCarPageText">
        <test-method signature="gotoNwCarPage()[pri:0, instance:testcases.NewCarPageText@6d0b5baf]" started-at="2022-01-13T13:50:48 EST" name="gotoNwCarPage" finished-at="2022-01-13T13:50:51 EST" duration-ms="3567" status="PASS">
          <reporter-output>
            <line>
              <![CDATA[Test Started gotoNwCarPage]]>
            </line>
            <line>
              <![CDATA[gotoNwCarPage]]>
            </line>
          </reporter-output>
        </test-method> <!-- gotoNwCarPage -->
        <test-method is-config="true" signature="tearDown()[pri:0, instance:testcases.NewCarPageText@6d0b5baf]" started-at="2022-01-13T13:50:51 EST" name="tearDown" finished-at="2022-01-13T13:50:52 EST" duration-ms="273" status="PASS">
          <reporter-output>
          </reporter-output>
        </test-method> <!-- tearDown -->
        <test-method is-config="true" signature="tearDown()[pri:0, instance:testcases.NewCarPageText@6d0b5baf]" started-at="2022-01-13T13:50:52 EST" name="tearDown" finished-at="2022-01-13T13:50:52 EST" duration-ms="1" status="PASS">
          <reporter-output>
          </reporter-output>
        </test-method> <!-- tearDown -->
      </class> <!-- testcases.NewCarPageText -->
    </test> <!-- Test New Car Page -->
    <test started-at="2022-01-13T13:50:52 EST" name="Test Maruti page" finished-at="2022-01-13T13:50:59 EST" duration-ms="7292">
      <class name="testcases.MarutiHomePageTest">
        <test-method signature="gotoMarutiHomePage()[pri:0, instance:testcases.MarutiHomePageTest@186978a6]" started-at="2022-01-13T13:50:52 EST" name="gotoMarutiHomePage" finished-at="2022-01-13T13:50:59 EST" duration-ms="6952" status="PASS">
          <reporter-output>
            <line>
              <![CDATA[Test Started gotoMarutiHomePage]]>
            </line>
            <line>
              <![CDATA[gotoMarutiHomePage]]>
            </line>
          </reporter-output>
        </test-method> <!-- gotoMarutiHomePage -->
        <test-method is-config="true" signature="tearDown()[pri:0, instance:testcases.MarutiHomePageTest@186978a6]" started-at="2022-01-13T13:50:59 EST" name="tearDown" finished-at="2022-01-13T13:50:59 EST" duration-ms="321" status="PASS">
          <reporter-output>
          </reporter-output>
        </test-method> <!-- tearDown -->
        <test-method is-config="true" signature="tearDown()[pri:0, instance:testcases.MarutiHomePageTest@186978a6]" started-at="2022-01-13T13:50:59 EST" name="tearDown" finished-at="2022-01-13T13:50:59 EST" duration-ms="1" status="PASS">
          <reporter-output>
          </reporter-output>
        </test-method> <!-- tearDown -->
      </class> <!-- testcases.MarutiHomePageTest -->
    </test> <!-- Test Maruti page -->
  </suite> <!-- Suite -->
</testng-results>
